<?xml version="1.0" encoding="UTF-8"?>
<testng-results skipped="0" failed="0" ignored="0" total="2" passed="2">
  <reporter-output>
    <line>
      <![CDATA[open browser]]>
    </line>
    <line>
      <![CDATA[login To Application]]>
    </line>
    <line>
      <![CDATA[logout]]>
    </line>
    <line>
      <![CDATA[login To Application]]>
    </line>
    <line>
      <![CDATA[logout]]>
    </line>
    <line>
      <![CDATA[close browser]]>
    </line>
  </reporter-output>
  <suite name="Default suite" duration-ms="34672" started-at="2022-07-19T21:54:12 IST" finished-at="2022-07-19T21:54:46 IST">
    <groups>
      <group name="regressionTest">
        <method signature="ContactTest.createContactTest()[pri:0, instance:Sample.ContactTest@5bcea91b]" name="createContactTest" class="Sample.ContactTest"/>
      </group> <!-- regressionTest -->
      <group name="smokeTest">
        <method signature="ContactTest.createAndDeletetheContactTest()[pri:0, instance:Sample.ContactTest@5bcea91b]" name="createAndDeletetheContactTest" class="Sample.ContactTest"/>
      </group> <!-- smokeTest -->
    </groups>
    <test name="Default test" duration-ms="34672" started-at="2022-07-19T21:54:12 IST" finished-at="2022-07-19T21:54:46 IST">
      <class name="Sample.ContactTest">
        <test-method status="PASS" signature="confiConnectDB()[pri:0, instance:Sample.ContactTest@5bcea91b]" name="confiConnectDB" is-config="true" duration-ms="8" started-at="2022-07-19T21:54:12 IST" finished-at="2022-07-19T21:54:12 IST">
          <reporter-output>
          </reporter-output>
        </test-method> <!-- confiConnectDB -->
        <test-method status="PASS" signature="OpenBrowser()[pri:0, instance:Sample.ContactTest@5bcea91b]" name="OpenBrowser" is-config="true" duration-ms="2213" started-at="2022-07-19T21:54:12 IST" finished-at="2022-07-19T21:54:14 IST">
          <reporter-output>
            <line>
              <![CDATA[open browser]]>
            </line>
          </reporter-output>
        </test-method> <!-- OpenBrowser -->
        <test-method status="PASS" signature="loginToApplicationTest()[pri:0, instance:Sample.ContactTest@5bcea91b]" name="loginToApplicationTest" is-config="true" duration-ms="3810" started-at="2022-07-19T21:54:14 IST" finished-at="2022-07-19T21:54:18 IST">
          <reporter-output>
            <line>
              <![CDATA[login To Application]]>
            </line>
          </reporter-output>
        </test-method> <!-- loginToApplicationTest -->
        <test-method status="PASS" signature="createAndDeletetheContactTest()[pri:0, instance:Sample.ContactTest@5bcea91b]" name="createAndDeletetheContactTest" duration-ms="12959" started-at="2022-07-19T21:54:18 IST" finished-at="2022-07-19T21:54:31 IST">
          <reporter-output>
          </reporter-output>
        </test-method> <!-- createAndDeletetheContactTest -->
        <test-method status="PASS" signature="logoutToApplicatioTest()[pri:0, instance:Sample.ContactTest@5bcea91b]" name="logoutToApplicatioTest" is-config="true" duration-ms="1591" started-at="2022-07-19T21:54:31 IST" finished-at="2022-07-19T21:54:32 IST">
          <reporter-output>
            <line>
              <![CDATA[logout]]>
            </line>
          </reporter-output>
        </test-method> <!-- logoutToApplicatioTest -->
        <test-method status="PASS" signature="loginToApplicationTest()[pri:0, instance:Sample.ContactTest@5bcea91b]" name="loginToApplicationTest" is-config="true" duration-ms="2756" started-at="2022-07-19T21:54:32 IST" finished-at="2022-07-19T21:54:35 IST">
          <reporter-output>
            <line>
              <![CDATA[login To Application]]>
            </line>
          </reporter-output>
        </test-method> <!-- loginToApplicationTest -->
        <test-method status="PASS" signature="createContactTest()[pri:0, instance:Sample.ContactTest@5bcea91b]" name="createContactTest" duration-ms="9090" started-at="2022-07-19T21:54:35 IST" finished-at="2022-07-19T21:54:44 IST">
          <reporter-output>
          </reporter-output>
        </test-method> <!-- createContactTest -->
        <test-method status="PASS" signature="logoutToApplicatioTest()[pri:0, instance:Sample.ContactTest@5bcea91b]" name="logoutToApplicatioTest" is-config="true" duration-ms="1568" started-at="2022-07-19T21:54:44 IST" finished-at="2022-07-19T21:54:46 IST">
          <reporter-output>
            <line>
              <![CDATA[logout]]>
            </line>
          </reporter-output>
        </test-method> <!-- logoutToApplicatioTest -->
        <test-method status="PASS" signature="CloseBrowser()[pri:0, instance:Sample.ContactTest@5bcea91b]" name="CloseBrowser" is-config="true" duration-ms="647" started-at="2022-07-19T21:54:46 IST" finished-at="2022-07-19T21:54:46 IST">
          <reporter-output>
            <line>
              <![CDATA[close browser]]>
            </line>
          </reporter-output>
        </test-method> <!-- CloseBrowser -->
        <test-method status="PASS" signature="confiCloseDB()[pri:0, instance:Sample.ContactTest@5bcea91b]" name="confiCloseDB" is-config="true" duration-ms="0" started-at="2022-07-19T21:54:46 IST" finished-at="2022-07-19T21:54:46 IST">
          <reporter-output>
          </reporter-output>
        </test-method> <!-- confiCloseDB -->
      </class> <!-- Sample.ContactTest -->
    </test> <!-- Default test -->
  </suite> <!-- Default suite -->
</testng-results>
