<?xml version="1.0" encoding="UTF-8"?>
<!-- Generated by org.testng.reporters.JUnitXMLReporter -->
<testsuite hostname="DESKTOP-46E6TOF" ignored="4" name="Test" tests="5" failures="0" timestamp="2022-07-14T12:02:35 IST" time="61.275" errors="0">
  <testcase name="CreateCampaignTest" time="5.294" classname="Sample.campaignTest"/>
  <testcase name="createCampaignWithproductTest" time="14.374" classname="Sample.campaignTest"/>
  <testcase name="CreateNewOrganizationTest" time="5.331" classname="Sample.OrganizationTest"/>
  <testcase name="createAndDeletetheContactTest" time="7.778" classname="Sample.ContactTest"/>
  <testcase name="createContactTest" time="5.037" classname="Sample.ContactTest"/>
  <testcase name="@AfterSuite confiCloseDB" time="0.0" classname="com.crm.GHYT15.GenericUtility.BaseClass">
    <ignored/>
  </testcase> <!-- @AfterSuite confiCloseDB -->
  <testcase name="@AfterSuite confiCloseDB" time="0.0" classname="com.crm.GHYT15.GenericUtility.BaseClass">
    <ignored/>
  </testcase> <!-- @AfterSuite confiCloseDB -->
  <testcase name="@BeforeSuite confiConnectDB" time="0.0" classname="com.crm.GHYT15.GenericUtility.BaseClass">
    <ignored/>
  </testcase> <!-- @BeforeSuite confiConnectDB -->
  <testcase name="@BeforeSuite confiConnectDB" time="0.0" classname="com.crm.GHYT15.GenericUtility.BaseClass">
    <ignored/>
  </testcase> <!-- @BeforeSuite confiConnectDB -->
</testsuite> <!-- Test -->
