<?xml version="1.0" encoding="UTF-8"?>
<!-- Generated by org.testng.reporters.JUnitXMLReporter -->
<testsuite hostname="DESKTOP-46E6TOF" ignored="2" name="Test" tests="4" failures="0" timestamp="2022-07-19T20:41:16 IST" time="75.828" errors="0">
  <testcase name="CreateCampaignTest" time="8.698" classname="Sample.campaignTest"/>
  <testcase name="createCampaignWithproductTest" time="20.482" classname="Sample.campaignTest"/>
  <testcase name="createAndDeletetheContactTest" time="12.256" classname="Sample.ContactTest"/>
  <testcase name="createContactTest" time="8.743" classname="Sample.ContactTest"/>
  <testcase name="@AfterSuite confiCloseDB" time="0.0" classname="com.crm.GHYT15.GenericUtility.BaseClass">
    <ignored/>
  </testcase> <!-- @AfterSuite confiCloseDB -->
  <testcase name="@BeforeSuite confiConnectDB" time="0.0" classname="com.crm.GHYT15.GenericUtility.BaseClass">
    <ignored/>
  </testcase> <!-- @BeforeSuite confiConnectDB -->
</testsuite> <!-- Test -->
