<?xml version="1.0" encoding="UTF-8"?>
<!-- Generated by org.testng.reporters.JUnitXMLReporter -->
<testsuite hostname="DESKTOP-46E6TOF" ignored="1" name="Test1" tests="1" failures="0" timestamp="2022-07-19T20:33:30 IST" time="0.058" errors="0">
  <testcase name="@BeforeClass OpenBrowser" time="0.001" classname="com.crm.GHYT15.GenericUtility.BaseClass">
    <failure type="java.lang.NullPointerException">
      <![CDATA[java.lang.NullPointerException
at com.crm.GHYT15.GenericUtility.BaseClass.OpenBrowser(BaseClass.java:53)
at java.util.ArrayList.forEach(ArrayList.java:1259)
... Removed 25 stack frames]]>
    </failure>
  </testcase> <!-- @BeforeClass OpenBrowser -->
  <testcase name="@BeforeMethod loginToApplicationTest" time="-1.658243010585E9" classname="com.crm.GHYT15.GenericUtility.BaseClass">
    <skipped/>
  </testcase> <!-- @BeforeMethod loginToApplicationTest -->
  <testcase name="@AfterMethod logoutToApplicatioTest" time="-1.658243010604E9" classname="com.crm.GHYT15.GenericUtility.BaseClass">
    <skipped/>
  </testcase> <!-- @AfterMethod logoutToApplicatioTest -->
  <testcase name="@AfterClass CloseBrowser" time="-1.65824301061E9" classname="com.crm.GHYT15.GenericUtility.BaseClass">
    <skipped/>
  </testcase> <!-- @AfterClass CloseBrowser -->
  <testcase name="CreateCampaignTest" time="0.0" classname="Sample.campaignTest">
    <skipped/>
  </testcase> <!-- CreateCampaignTest -->
  <testcase name="createCampaignWithproductTest" time="0.0" classname="Sample.campaignTest">
    <ignored/>
  </testcase> <!-- createCampaignWithproductTest -->
</testsuite> <!-- Test1 -->
