<?xml version="1.0" encoding="UTF-8"?>
<!-- Generated by org.testng.reporters.JUnitXMLReporter -->
<testsuite hostname="DESKTOP-46E6TOF" ignored="0" name="Test2" tests="1" failures="0" timestamp="2022-07-19T20:33:30 IST" time="0.039" errors="0">
  <testcase name="@BeforeClass OpenBrowser" time="0.0" classname="com.crm.GHYT15.GenericUtility.BaseClass">
    <failure type="java.lang.NullPointerException">
      <![CDATA[java.lang.NullPointerException
at com.crm.GHYT15.GenericUtility.BaseClass.OpenBrowser(BaseClass.java:53)
at java.util.ArrayList.forEach(ArrayList.java:1259)
... Removed 25 stack frames]]>
    </failure>
  </testcase> <!-- @BeforeClass OpenBrowser -->
  <testcase name="@BeforeMethod loginToApplicationTest" time="-1.658243010667E9" classname="com.crm.GHYT15.GenericUtility.BaseClass">
    <skipped/>
  </testcase> <!-- @BeforeMethod loginToApplicationTest -->
  <testcase name="@AfterMethod logoutToApplicatioTest" time="-1.658243010685E9" classname="com.crm.GHYT15.GenericUtility.BaseClass">
    <skipped/>
  </testcase> <!-- @AfterMethod logoutToApplicatioTest -->
  <testcase name="@AfterClass CloseBrowser" time="-1.65824301069E9" classname="com.crm.GHYT15.GenericUtility.BaseClass">
    <skipped/>
  </testcase> <!-- @AfterClass CloseBrowser -->
  <testcase name="CreateNewOrganizationTest" time="0.0" classname="Sample.OrganizationTest">
    <skipped/>
  </testcase> <!-- CreateNewOrganizationTest -->
</testsuite> <!-- Test2 -->
