<?xml version="1.0" encoding="UTF-8"?>
<!-- Generated by org.testng.reporters.JUnitXMLReporter -->
<testsuite hostname="DESKTOP-46E6TOF" ignored="2" name="Test" tests="4" failures="0" timestamp="2022-07-20T10:06:20 IST" time="0.044" errors="0">
  <testcase name="@BeforeClass OpenBrowser" time="0.0" classname="com.crm.GHYT15.GenericUtility.BaseClass">
    <failure type="java.lang.NullPointerException">
      <![CDATA[java.lang.NullPointerException
at com.crm.GHYT15.GenericUtility.BaseClass.OpenBrowser(BaseClass.java:53)
at java.util.ArrayList.forEach(ArrayList.java:1259)
... Removed 29 stack frames]]>
    </failure>
  </testcase> <!-- @BeforeClass OpenBrowser -->
  <testcase name="@BeforeMethod loginToApplicationTest" time="-1.658291780389E9" classname="com.crm.GHYT15.GenericUtility.BaseClass">
    <skipped/>
  </testcase> <!-- @BeforeMethod loginToApplicationTest -->
  <testcase name="@AfterMethod logoutToApplicatioTest" time="-1.658291780389E9" classname="com.crm.GHYT15.GenericUtility.BaseClass">
    <skipped/>
  </testcase> <!-- @AfterMethod logoutToApplicatioTest -->
  <testcase name="@BeforeMethod loginToApplicationTest" time="-1.658291780389E9" classname="com.crm.GHYT15.GenericUtility.BaseClass">
    <skipped/>
  </testcase> <!-- @BeforeMethod loginToApplicationTest -->
  <testcase name="@AfterMethod logoutToApplicatioTest" time="-1.658291780389E9" classname="com.crm.GHYT15.GenericUtility.BaseClass">
    <skipped/>
  </testcase> <!-- @AfterMethod logoutToApplicatioTest -->
  <testcase name="@AfterClass CloseBrowser" time="-1.658291780389E9" classname="com.crm.GHYT15.GenericUtility.BaseClass">
    <skipped/>
  </testcase> <!-- @AfterClass CloseBrowser -->
  <testcase name="@BeforeClass OpenBrowser" time="0.0" classname="com.crm.GHYT15.GenericUtility.BaseClass">
    <failure type="java.lang.NullPointerException">
      <![CDATA[java.lang.NullPointerException
at com.crm.GHYT15.GenericUtility.BaseClass.OpenBrowser(BaseClass.java:53)
at java.util.ArrayList.forEach(ArrayList.java:1259)
... Removed 29 stack frames]]>
    </failure>
  </testcase> <!-- @BeforeClass OpenBrowser -->
  <testcase name="@BeforeMethod loginToApplicationTest" time="-1.658291780389E9" classname="com.crm.GHYT15.GenericUtility.BaseClass">
    <skipped/>
  </testcase> <!-- @BeforeMethod loginToApplicationTest -->
  <testcase name="@AfterMethod logoutToApplicatioTest" time="-1.658291780405E9" classname="com.crm.GHYT15.GenericUtility.BaseClass">
    <skipped/>
  </testcase> <!-- @AfterMethod logoutToApplicatioTest -->
  <testcase name="@BeforeMethod loginToApplicationTest" time="-1.658291780405E9" classname="com.crm.GHYT15.GenericUtility.BaseClass">
    <skipped/>
  </testcase> <!-- @BeforeMethod loginToApplicationTest -->
  <testcase name="@AfterMethod logoutToApplicatioTest" time="-1.658291780405E9" classname="com.crm.GHYT15.GenericUtility.BaseClass">
    <skipped/>
  </testcase> <!-- @AfterMethod logoutToApplicatioTest -->
  <testcase name="@AfterClass CloseBrowser" time="-1.658291780405E9" classname="com.crm.GHYT15.GenericUtility.BaseClass">
    <skipped/>
  </testcase> <!-- @AfterClass CloseBrowser -->
  <testcase name="CreateCampaignTest" time="0.0" classname="Sample.campaignTest">
    <skipped/>
  </testcase> <!-- CreateCampaignTest -->
  <testcase name="createCampaignWithproductTest" time="0.0" classname="Sample.campaignTest">
    <skipped/>
  </testcase> <!-- createCampaignWithproductTest -->
  <testcase name="createAndDeletetheContactTest" time="0.0" classname="Sample.ContactTest">
    <skipped/>
  </testcase> <!-- createAndDeletetheContactTest -->
  <testcase name="createContactTest" time="0.0" classname="Sample.ContactTest">
    <skipped/>
  </testcase> <!-- createContactTest -->
  <testcase name="@AfterSuite confiCloseDB" time="0.0" classname="com.crm.GHYT15.GenericUtility.BaseClass">
    <ignored/>
  </testcase> <!-- @AfterSuite confiCloseDB -->
  <testcase name="@BeforeSuite confiConnectDB" time="0.0" classname="com.crm.GHYT15.GenericUtility.BaseClass">
    <ignored/>
  </testcase> <!-- @BeforeSuite confiConnectDB -->
</testsuite> <!-- Test -->
