<?xml version="1.0" encoding="UTF-8"?>
<!-- Generated by org.testng.reporters.JUnitXMLReporter -->
<testsuite hostname="DESKTOP-46E6TOF" ignored="2" name="Test" tests="4" failures="0" timestamp="2022-07-20T11:38:20 IST" time="76.823" errors="0">
  <testcase name="CreateCampaignTest" time="8.532" classname="Sample.campaignTest"/>
  <testcase name="createCampaignWithproductTest" time="19.938" classname="Sample.campaignTest"/>
  <testcase name="createAndDeletetheContactTest" time="12.105" classname="Sample.ContactTest"/>
  <testcase name="createContactTest" time="8.119" classname="Sample.ContactTest"/>
  <testcase name="@AfterSuite confiCloseDB" time="0.0" classname="com.crm.GHYT15.GenericUtility.BaseClass">
    <ignored/>
  </testcase> <!-- @AfterSuite confiCloseDB -->
  <testcase name="@BeforeSuite confiConnectDB" time="0.0" classname="com.crm.GHYT15.GenericUtility.BaseClass">
    <ignored/>
  </testcase> <!-- @BeforeSuite confiConnectDB -->
</testsuite> <!-- Test -->
