<?xml version="1.0" encoding="UTF-8"?>
<testng-results skipped="0" failed="0" ignored="2" total="6" passed="4">
  <reporter-output>
    <line>
      <![CDATA[open browser]]>
    </line>
    <line>
      <![CDATA[login To Application]]>
    </line>
    <line>
      <![CDATA[logout]]>
    </line>
    <line>
      <![CDATA[login To Application]]>
    </line>
    <line>
      <![CDATA[logout]]>
    </line>
    <line>
      <![CDATA[close browser]]>
    </line>
    <line>
      <![CDATA[open browser]]>
    </line>
    <line>
      <![CDATA[login To Application]]>
    </line>
    <line>
      <![CDATA[logout]]>
    </line>
    <line>
      <![CDATA[login To Application]]>
    </line>
    <line>
      <![CDATA[logout]]>
    </line>
    <line>
      <![CDATA[close browser]]>
    </line>
  </reporter-output>
  <suite name="RegressionExecution" duration-ms="76823" started-at="2022-07-20T11:37:03 IST" finished-at="2022-07-20T11:38:20 IST">
    <groups>
      <group name="regressionTest">
        <method signature="ContactTest.createContactTest()[pri:0, instance:Sample.ContactTest@1d29cf23]" name="createContactTest" class="Sample.ContactTest"/>
        <method signature="campaignTest.createCampaignWithproductTest()[pri:0, instance:Sample.campaignTest@184f6be2]" name="createCampaignWithproductTest" class="Sample.campaignTest"/>
      </group> <!-- regressionTest -->
      <group name="smokeTest">
        <method signature="ContactTest.createAndDeletetheContactTest()[pri:0, instance:Sample.ContactTest@1d29cf23]" name="createAndDeletetheContactTest" class="Sample.ContactTest"/>
        <method signature="campaignTest.CreateCampaignTest()[pri:0, instance:Sample.campaignTest@184f6be2]" name="CreateCampaignTest" class="Sample.campaignTest"/>
      </group> <!-- smokeTest -->
    </groups>
    <test name="Test" duration-ms="76823" started-at="2022-07-20T11:37:03 IST" finished-at="2022-07-20T11:38:20 IST">
      <class name="Sample.ContactTest">
        <test-method status="PASS" signature="OpenBrowser()[pri:0, instance:Sample.ContactTest@1d29cf23]" name="OpenBrowser" is-config="true" duration-ms="1177" started-at="2022-07-20T11:37:48 IST" finished-at="2022-07-20T11:37:49 IST">
          <reporter-output>
            <line>
              <![CDATA[open browser]]>
            </line>
          </reporter-output>
        </test-method> <!-- OpenBrowser -->
        <test-method status="PASS" signature="loginToApplicationTest()[pri:0, instance:Sample.ContactTest@1d29cf23]" name="loginToApplicationTest" is-config="true" duration-ms="3882" started-at="2022-07-20T11:37:49 IST" finished-at="2022-07-20T11:37:53 IST">
          <reporter-output>
            <line>
              <![CDATA[login To Application]]>
            </line>
          </reporter-output>
        </test-method> <!-- loginToApplicationTest -->
        <test-method status="PASS" signature="createAndDeletetheContactTest()[pri:0, instance:Sample.ContactTest@1d29cf23]" name="createAndDeletetheContactTest" duration-ms="12105" started-at="2022-07-20T11:37:53 IST" finished-at="2022-07-20T11:38:05 IST">
          <reporter-output>
          </reporter-output>
        </test-method> <!-- createAndDeletetheContactTest -->
        <test-method status="PASS" signature="logoutToApplicatioTest()[pri:0, instance:Sample.ContactTest@1d29cf23]" name="logoutToApplicatioTest" is-config="true" duration-ms="1531" started-at="2022-07-20T11:38:05 IST" finished-at="2022-07-20T11:38:06 IST">
          <reporter-output>
            <line>
              <![CDATA[logout]]>
            </line>
          </reporter-output>
        </test-method> <!-- logoutToApplicatioTest -->
        <test-method status="PASS" signature="loginToApplicationTest()[pri:0, instance:Sample.ContactTest@1d29cf23]" name="loginToApplicationTest" is-config="true" duration-ms="3031" started-at="2022-07-20T11:38:06 IST" finished-at="2022-07-20T11:38:10 IST">
          <reporter-output>
            <line>
              <![CDATA[login To Application]]>
            </line>
          </reporter-output>
        </test-method> <!-- loginToApplicationTest -->
        <test-method status="PASS" signature="createContactTest()[pri:0, instance:Sample.ContactTest@1d29cf23]" name="createContactTest" duration-ms="8119" started-at="2022-07-20T11:38:10 IST" finished-at="2022-07-20T11:38:18 IST">
          <reporter-output>
          </reporter-output>
        </test-method> <!-- createContactTest -->
        <test-method status="PASS" signature="logoutToApplicatioTest()[pri:0, instance:Sample.ContactTest@1d29cf23]" name="logoutToApplicatioTest" is-config="true" duration-ms="1587" started-at="2022-07-20T11:38:18 IST" finished-at="2022-07-20T11:38:19 IST">
          <reporter-output>
            <line>
              <![CDATA[logout]]>
            </line>
          </reporter-output>
        </test-method> <!-- logoutToApplicatioTest -->
        <test-method status="PASS" signature="CloseBrowser()[pri:0, instance:Sample.ContactTest@1d29cf23]" name="CloseBrowser" is-config="true" duration-ms="643" started-at="2022-07-20T11:38:19 IST" finished-at="2022-07-20T11:38:20 IST">
          <reporter-output>
            <line>
              <![CDATA[close browser]]>
            </line>
          </reporter-output>
        </test-method> <!-- CloseBrowser -->
      </class> <!-- Sample.ContactTest -->
      <class name="Sample.campaignTest">
        <test-method status="PASS" signature="confiConnectDB()[pri:0, instance:Sample.campaignTest@184f6be2]" name="confiConnectDB" is-config="true" duration-ms="8" started-at="2022-07-20T11:37:03 IST" finished-at="2022-07-20T11:37:03 IST">
          <reporter-output>
          </reporter-output>
        </test-method> <!-- confiConnectDB -->
        <test-method status="PASS" signature="OpenBrowser()[pri:0, instance:Sample.campaignTest@184f6be2]" name="OpenBrowser" is-config="true" duration-ms="4810" started-at="2022-07-20T11:37:03 IST" finished-at="2022-07-20T11:37:08 IST">
          <reporter-output>
            <line>
              <![CDATA[open browser]]>
            </line>
          </reporter-output>
        </test-method> <!-- OpenBrowser -->
        <test-method status="PASS" signature="loginToApplicationTest()[pri:0, instance:Sample.campaignTest@184f6be2]" name="loginToApplicationTest" is-config="true" duration-ms="4475" started-at="2022-07-20T11:37:08 IST" finished-at="2022-07-20T11:37:12 IST">
          <reporter-output>
            <line>
              <![CDATA[login To Application]]>
            </line>
          </reporter-output>
        </test-method> <!-- loginToApplicationTest -->
        <test-method status="PASS" signature="CreateCampaignTest()[pri:0, instance:Sample.campaignTest@184f6be2]" name="CreateCampaignTest" duration-ms="8532" started-at="2022-07-20T11:37:12 IST" finished-at="2022-07-20T11:37:21 IST">
          <reporter-output>
          </reporter-output>
        </test-method> <!-- CreateCampaignTest -->
        <test-method status="PASS" signature="logoutToApplicatioTest()[pri:0, instance:Sample.campaignTest@184f6be2]" name="logoutToApplicatioTest" is-config="true" duration-ms="1488" started-at="2022-07-20T11:37:21 IST" finished-at="2022-07-20T11:37:22 IST">
          <reporter-output>
            <line>
              <![CDATA[logout]]>
            </line>
          </reporter-output>
        </test-method> <!-- logoutToApplicatioTest -->
        <test-method status="PASS" signature="loginToApplicationTest()[pri:0, instance:Sample.campaignTest@184f6be2]" name="loginToApplicationTest" is-config="true" duration-ms="3197" started-at="2022-07-20T11:37:22 IST" finished-at="2022-07-20T11:37:26 IST">
          <reporter-output>
            <line>
              <![CDATA[login To Application]]>
            </line>
          </reporter-output>
        </test-method> <!-- loginToApplicationTest -->
        <test-method status="PASS" signature="createCampaignWithproductTest()[pri:0, instance:Sample.campaignTest@184f6be2]" name="createCampaignWithproductTest" duration-ms="19938" started-at="2022-07-20T11:37:26 IST" finished-at="2022-07-20T11:37:46 IST">
          <reporter-output>
          </reporter-output>
        </test-method> <!-- createCampaignWithproductTest -->
        <test-method status="PASS" signature="logoutToApplicatioTest()[pri:0, instance:Sample.campaignTest@184f6be2]" name="logoutToApplicatioTest" is-config="true" duration-ms="1555" started-at="2022-07-20T11:37:46 IST" finished-at="2022-07-20T11:37:47 IST">
          <reporter-output>
            <line>
              <![CDATA[logout]]>
            </line>
          </reporter-output>
        </test-method> <!-- logoutToApplicatioTest -->
        <test-method status="PASS" signature="CloseBrowser()[pri:0, instance:Sample.campaignTest@184f6be2]" name="CloseBrowser" is-config="true" duration-ms="716" started-at="2022-07-20T11:37:47 IST" finished-at="2022-07-20T11:37:48 IST">
          <reporter-output>
            <line>
              <![CDATA[close browser]]>
            </line>
          </reporter-output>
        </test-method> <!-- CloseBrowser -->
        <test-method status="PASS" signature="confiCloseDB()[pri:0, instance:Sample.campaignTest@184f6be2]" name="confiCloseDB" is-config="true" duration-ms="0" started-at="2022-07-20T11:38:20 IST" finished-at="2022-07-20T11:38:20 IST">
          <reporter-output>
          </reporter-output>
        </test-method> <!-- confiCloseDB -->
      </class> <!-- Sample.campaignTest -->
    </test> <!-- Test -->
  </suite> <!-- RegressionExecution -->
</testng-results>
