<?xml version="1.0" encoding="UTF-8"?>
<!-- Generated by org.testng.reporters.JUnitXMLReporter -->
<testsuite hostname="DESKTOP-46E6TOF" ignored="4" name="Test" tests="2" failures="0" timestamp="2022-07-14T11:20:21 IST" time="26.459" errors="0">
  <testcase name="CreateCampaignTest" time="5.399" classname="Sample.campaignTest"/>
  <testcase name="createAndDeletetheContactTest" time="7.814" classname="Sample.ContactTest"/>
  <testcase name="createContactTest" time="0.0" classname="Sample.ContactTest">
    <ignored/>
  </testcase> <!-- createContactTest -->
  <testcase name="@AfterSuite confiCloseDB" time="0.0" classname="com.crm.GHYT15.GenericUtility.BaseClass">
    <ignored/>
  </testcase> <!-- @AfterSuite confiCloseDB -->
  <testcase name="@BeforeSuite confiConnectDB" time="0.0" classname="com.crm.GHYT15.GenericUtility.BaseClass">
    <ignored/>
  </testcase> <!-- @BeforeSuite confiConnectDB -->
  <testcase name="createCampaignWithproductTest" time="0.0" classname="Sample.campaignTest">
    <ignored/>
  </testcase> <!-- createCampaignWithproductTest -->
</testsuite> <!-- Test -->
